This is pdfTeX, Version 3.14159265-2.6-1.40.16 (TeX Live 2015/Debian) (preloaded format=pdflatex 2016.1.14)  29 MAR 2016 15:43
entering extended mode
 restricted \write18 enabled.
 %&-line parsing enabled.
**Tulip.tex
(./Tulip.tex
LaTeX2e <2015/01/01>
Babel <3.9l> and hyphenation patterns for 79 languages loaded.
(/usr/share/texlive/texmf-dist/tex/latex/base/letter.cls
Document Class: letter 2014/09/29 v1.2z Standard LaTeX document class
(/usr/share/texlive/texmf-dist/tex/latex/base/size11.clo
File: size11.clo 2014/09/29 v1.4h Standard LaTeX file (size option)
)
\longindentation=\dimen102
\indentedwidth=\dimen103
\labelcount=\count79
)
(/usr/share/texlive/texmf-dist/tex/latex/psnfss/newcent.sty
Package: newcent 2005/04/12 PSNFSS-v9.2a (SPQR) 
) (./Tulip.aux)
\openout1 = `Tulip.aux'.

LaTeX Font Info:    Checking defaults for OML/cmm/m/it on input line 35.
LaTeX Font Info:    ... okay on input line 35.
LaTeX Font Info:    Checking defaults for T1/cmr/m/n on input line 35.
LaTeX Font Info:    ... okay on input line 35.
LaTeX Font Info:    Checking defaults for OT1/cmr/m/n on input line 35.
LaTeX Font Info:    ... okay on input line 35.
LaTeX Font Info:    Checking defaults for OMS/cmsy/m/n on input line 35.
LaTeX Font Info:    ... okay on input line 35.
LaTeX Font Info:    Checking defaults for OMX/cmex/m/n on input line 35.
LaTeX Font Info:    ... okay on input line 35.
LaTeX Font Info:    Checking defaults for U/cmr/m/n on input line 35.
LaTeX Font Info:    ... okay on input line 35.
LaTeX Font Info:    Try loading font information for OT1+pnc on input line 35.

(/usr/share/texlive/texmf-dist/tex/latex/psnfss/ot1pnc.fd
File: ot1pnc.fd 2001/06/04 font definitions for OT1/pnc.
)
LaTeX Font Info:    Font shape `OT1/pnc/bx/n' in size <12> not available
(Font)              Font shape `OT1/pnc/b/n' tried instead on input line 54.

! Undefined control sequence.
\opening ...ace {2\parskip }{\raggedright \toname 
                                                  \\ \toaddress \par }\vspac...
l.74 \opening{Dear Natan,}
                          
? 

! LaTeX Error: There's no line here to end.

See the LaTeX manual or LaTeX Companion for explanation.
Type  H <return>  for immediate help.
 ...                                              
                                                  
l.74 \opening{Dear Natan,}
                          
? 
! Undefined control sequence.
<recently read> \toaddress 
                           
l.74 \opening{Dear Natan,}
                          
? 
LaTeX Font Info:    External font `cmex10' loaded for size
(Font)              <10.95> on input line 87.
LaTeX Font Info:    External font `cmex10' loaded for size
(Font)              <8> on input line 87.
LaTeX Font Info:    External font `cmex10' loaded for size
(Font)              <6> on input line 87.
[1

{/var/lib/texmf/fonts/map/pdftex/updmap/pdftex.map}]
! Undefined control sequence.
<write> ...ing \@mlabel {\returnaddress }{\toname 
                                                  \\\toaddress }
l.92 \end{letter}
                 
? 
! Undefined control sequence.
<write> ...{\returnaddress }{\toname \\\toaddress 
                                                  }
l.92 \end{letter}
                 
? 

! LaTeX Error: \begin{document} ended by \end{letter}.

See the LaTeX manual or LaTeX Companion for explanation.
Type  H <return>  for immediate help.
 ...                                              
                                                  
l.92 \end{letter}
                 
? 
! Extra \endgroup.
<recently read> \endgroup 
                          
l.92 \end{letter}
                 
? 
(./Tulip.aux) ) 
Here is how much of TeX's memory you used:
 204 strings out of 493085
 2380 string characters out of 6136917
 54749 words of memory out of 5000000
 3757 multiletter control sequences out of 15000+600000
 9918 words of font info for 29 fonts, out of 8000000 for 9000
 1141 hyphenation exceptions out of 8191
 25i,6n,19p,365b,184s stack positions out of 5000i,500n,10000p,200000b,80000s
{/usr/share/texlive/texmf-dist/fonts/enc/dvips/base/8r.enc}</usr
/share/texlive/texmf-dist/fonts/type1/urw/ncntrsbk/uncb8a.pfb></usr/share/texli
ve/texmf-dist/fonts/type1/urw/ncntrsbk/uncr8a.pfb>
Output written on Tulip.pdf (1 page, 30824 bytes).
PDF statistics:
 17 PDF objects out of 1000 (max. 8388607)
 11 compressed objects within 1 object stream
 0 named destinations out of 1000 (max. 500000)
 1 words of extra memory for PDF output out of 10000 (max. 10000000)

